Using pre-set license
Built from '2020.3/staging' branch; Version is '2020.3.14f1 (d0d1bb862f9d) revision 13685179'; Using compiler version '192528614'; Build Type 'Release'
OS: 'Windows 10 Home Single Language; OS build 19044.2364; Version 2009; 64bit' Language: 'en' Physical Memory: 12139 MB
BatchMode: 1, IsHumanControllingUs: 0, StartBugReporterOnCrash: 0, Is64bit: 1, IsPro: 0

 COMMAND LINE ARGUMENTS:
D:\Unity\Editor\Unity.exe
-adb2
-batchMode
-noUpm
-name
AssetImportWorker1
-projectPath
D:/UnityProjects/UniMap/UniMap
-logFile
Logs/AssetImportWorker1.log
-srvPort
50061
Successfully changed project path to: D:/UnityProjects/UniMap/UniMap
D:/UnityProjects/UniMap/UniMap
Using Asset Import Pipeline V2.
Refreshing native plugins compatible for Editor in 90.35 ms, found 2 plugins.
Preloading 0 native plugins for Editor in 0.00 ms.
Initialize engine version: 2020.3.14f1 (d0d1bb862f9d)
[Subsystems] Discovering subsystems at path D:/Unity/Editor/Data/Resources/UnitySubsystems
[Subsystems] Discovering subsystems at path D:/UnityProjects/UniMap/UniMap/Assets
GfxDevice: creating device client; threaded=0
Direct3D:
    Version:  Direct3D 11.0 [level 11.1]
    Renderer: Intel(R) UHD Graphics 620 (ID=0x3ea0)
    Vendor:   
    VRAM:     6069 MB
    Driver:   27.20.100.8681
Initialize mono
Mono path[0] = 'D:/Unity/Editor/Data/Managed'
Mono path[1] = 'D:/Unity/Editor/Data/MonoBleedingEdge/lib/mono/unityjit'
Mono config path = 'D:/Unity/Editor/Data/MonoBleedingEdge/etc'
Using monoOptions --debugger-agent=transport=dt_socket,embedding=1,server=y,suspend=n,address=127.0.0.1:56900
Begin MonoManager ReloadAssembly
Registering precompiled unity dll's ...
Register platform support module: D:/Unity/Editor/Data/PlaybackEngines/WebGLSupport/UnityEditor.WebGL.Extensions.dll
Register platform support module: D:/Unity/Editor/Data/PlaybackEngines/WindowsStandaloneSupport/UnityEditor.WindowsStandalone.Extensions.dll
Registered in 0.001579 seconds.
Native extension for WindowsStandalone target not found
Native extension for WebGL target not found
Refreshing native plugins compatible for Editor in 45.87 ms, found 2 plugins.
Preloading 0 native plugins for Editor in 0.00 ms.
Mono: successfully reloaded assembly
- Completed reload, in  1.235 seconds
Domain Reload Profiling:
	ReloadAssembly (1235ms)
		BeginReloadAssembly (58ms)
			ExecutionOrderSort (0ms)
			DisableScriptedObjects (0ms)
			BackupInstance (0ms)
			ReleaseScriptingObjects (0ms)
			CreateAndSetChildDomain (1ms)
		EndReloadAssembly (553ms)
			LoadAssemblies (57ms)
			RebuildTransferFunctionScriptingTraits (0ms)
			SetupTypeCache (247ms)
			ReleaseScriptCaches (0ms)
			RebuildScriptCaches (40ms)
			SetupLoadedEditorAssemblies (190ms)
				LogAssemblyErrors (0ms)
				InitializePlatformSupportModulesInManaged (5ms)
				SetLoadedEditorAssemblies (0ms)
				RefreshPlugins (46ms)
				BeforeProcessingInitializeOnLoad (12ms)
				ProcessInitializeOnLoadAttributes (95ms)
				ProcessInitializeOnLoadMethodAttributes (31ms)
				AfterProcessingInitializeOnLoad (0ms)
				EditorAssembliesLoaded (0ms)
			ExecutionOrderSort2 (0ms)
			AwakeInstancesAfterBackupRestoration (0ms)
Platform modules already initialized, skipping
Registering precompiled user dll's ...
Registered in 0.003301 seconds.
Begin MonoManager ReloadAssembly
Symbol file data-0000024402C89970 doesn't match image D:\UnityProjects\UniMap\UniMap\Library\ScriptAssemblies\Assembly-CSharp.dll
Symbol file LoadedFromMemory is not a mono symbol file
Symbol file data-00000244057CE440 doesn't match image D:\UnityProjects\UniMap\UniMap\Library\ScriptAssemblies\Assembly-CSharp-Editor.dll
Symbol file LoadedFromMemory is not a mono symbol file
Symbol file data-0000024404E9D040 doesn't match image D:\UnityProjects\UniMap\UniMap\Library\ScriptAssemblies\Unity.ProBuilder.KdTree.dll
Symbol file LoadedFromMemory is not a mono symbol file
Symbol file data-0000024404121010 doesn't match image D:\UnityProjects\UniMap\UniMap\Library\ScriptAssemblies\Cinemachine.dll
Symbol file LoadedFromMemory is not a mono symbol file
Symbol file data-0000024402B87580 doesn't match image D:\UnityProjects\UniMap\UniMap\Library\ScriptAssemblies\Unity.VSCode.Editor.dll
Symbol file LoadedFromMemory is not a mono symbol file
Symbol file data-000002440412BA20 doesn't match image D:\UnityProjects\UniMap\UniMap\Library\ScriptAssemblies\com.unity.cinemachine.editor.dll
Symbol file LoadedFromMemory is not a mono symbol file
Symbol file data-0000024402B87580 doesn't match image D:\UnityProjects\UniMap\UniMap\Library\ScriptAssemblies\Unity.ProBuilder.AssetIdRemapUtility.dll
Symbol file LoadedFromMemory is not a mono symbol file
Symbol file data-0000024402929D50 doesn't match image D:\UnityProjects\UniMap\UniMap\Library\ScriptAssemblies\Unity.ProBuilder.Stl.dll
Symbol file LoadedFromMemory is not a mono symbol file
Symbol file data-00000244029F1010 doesn't match image D:\UnityProjects\UniMap\UniMap\Library\ScriptAssemblies\Unity.TextMeshPro.Editor.dll
Symbol file LoadedFromMemory is not a mono symbol file
Symbol file data-000002440404C640 doesn't match image D:\UnityProjects\UniMap\UniMap\Library\ScriptAssemblies\Unity.VisualStudio.Editor.dll
Symbol file LoadedFromMemory is not a mono symbol file
Symbol file data-000002440433B690 doesn't match image D:\UnityProjects\UniMap\UniMap\Library\ScriptAssemblies\Unity.ProBuilder.AddOns.Editor.dll
Symbol file LoadedFromMemory is not a mono symbol file
Symbol file data-000002440531D890 doesn't match image D:\UnityProjects\UniMap\UniMap\Library\ScriptAssemblies\Unity.Settings.Editor.dll
Symbol file LoadedFromMemory is not a mono symbol file
Symbol file data-0000024405414230 doesn't match image D:\UnityProjects\UniMap\UniMap\Library\ScriptAssemblies\UnityEngine.TestRunner.dll
Symbol file LoadedFromMemory is not a mono symbol file
Symbol file data-0000024405431020 doesn't match image D:\UnityProjects\UniMap\UniMap\Library\ScriptAssemblies\Unity.Timeline.Editor.dll
Symbol file LoadedFromMemory is not a mono symbol file
Symbol file data-000002440408D320 doesn't match image D:\UnityProjects\UniMap\UniMap\Library\ScriptAssemblies\Unity.Timeline.dll
Symbol file LoadedFromMemory is not a mono symbol file
Symbol file data-0000024405431020 doesn't match image D:\UnityProjects\UniMap\UniMap\Library\ScriptAssemblies\Unity.TextMeshPro.dll
Symbol file LoadedFromMemory is not a mono symbol file
Symbol file data-0000024405414230 doesn't match image D:\UnityProjects\UniMap\UniMap\Library\ScriptAssemblies\Unity.CollabProxy.Editor.dll
Symbol file LoadedFromMemory is not a mono symbol file
Symbol file data-0000024403FB8020 doesn't match image D:\UnityProjects\UniMap\UniMap\Library\ScriptAssemblies\Unity.ProBuilder.Csg.dll
Symbol file LoadedFromMemory is not a mono symbol file
Symbol file data-000002440456C230 doesn't match image D:\UnityProjects\UniMap\UniMap\Library\ScriptAssemblies\UnityEditor.TestRunner.dll
Symbol file LoadedFromMemory is not a mono symbol file
Symbol file data-0000024404891020 doesn't match image D:\UnityProjects\UniMap\UniMap\Library\ScriptAssemblies\Unity.ProBuilder.dll
Symbol file LoadedFromMemory is not a mono symbol file
Symbol file data-0000024404891020 doesn't match image D:\UnityProjects\UniMap\UniMap\Library\ScriptAssemblies\Unity.ProBuilder.Editor.dll
Symbol file LoadedFromMemory is not a mono symbol file
Symbol file data-0000024404D43630 doesn't match image D:\UnityProjects\UniMap\UniMap\Library\ScriptAssemblies\UnityEditor.UI.dll
Symbol file LoadedFromMemory is not a mono symbol file
Symbol file data-0000024404207010 doesn't match image D:\UnityProjects\UniMap\UniMap\Library\ScriptAssemblies\Unity.InputSystem.dll
Symbol file LoadedFromMemory is not a mono symbol file
Symbol file data-0000024404D43630 doesn't match image D:\UnityProjects\UniMap\UniMap\Library\ScriptAssemblies\Unity.Rider.Editor.dll
Symbol file LoadedFromMemory is not a mono symbol file
Symbol file data-0000024404D43630 doesn't match image D:\UnityProjects\UniMap\UniMap\Library\ScriptAssemblies\Unity.ProGrids.Editor.dll
Symbol file LoadedFromMemory is not a mono symbol file
Symbol file data-00000244048A0430 doesn't match image D:\UnityProjects\UniMap\UniMap\Library\ScriptAssemblies\UnityEngine.UI.dll
Symbol file LoadedFromMemory is not a mono symbol file
Symbol file data-0000024402FBAB60 doesn't match image D:\UnityProjects\UniMap\UniMap\Library\ScriptAssemblies\Unity.ProGrids.dll
Symbol file LoadedFromMemory is not a mono symbol file
Symbol file data-00000244048A0430 doesn't match image D:\UnityProjects\UniMap\UniMap\Library\ScriptAssemblies\Unity.PlasticSCM.Editor.dll
Symbol file LoadedFromMemory is not a mono symbol file
Symbol file data-000002440531D890 doesn't match image D:\UnityProjects\UniMap\UniMap\Library\ScriptAssemblies\Unity.ProBuilder.Poly2Tri.dll
Symbol file LoadedFromMemory is not a mono symbol file
Native extension for WindowsStandalone target not found
Native extension for WebGL target not found
Refreshing native plugins compatible for Editor in 47.24 ms, found 2 plugins.
Preloading 0 native plugins for Editor in 0.00 ms.
Mono: successfully reloaded assembly
- Completed reload, in  8.123 seconds
Domain Reload Profiling:
	ReloadAssembly (8125ms)
		BeginReloadAssembly (178ms)
			ExecutionOrderSort (0ms)
			DisableScriptedObjects (6ms)
			BackupInstance (0ms)
			ReleaseScriptingObjects (0ms)
			CreateAndSetChildDomain (23ms)
		EndReloadAssembly (7873ms)
			LoadAssemblies (3168ms)
			RebuildTransferFunctionScriptingTraits (0ms)
			SetupTypeCache (3796ms)
			ReleaseScriptCaches (1ms)
			RebuildScriptCaches (59ms)
			SetupLoadedEditorAssemblies (703ms)
				LogAssemblyErrors (0ms)
				InitializePlatformSupportModulesInManaged (5ms)
				SetLoadedEditorAssemblies (0ms)
				RefreshPlugins (47ms)
				BeforeProcessingInitializeOnLoad (95ms)
				ProcessInitializeOnLoadAttributes (529ms)
				ProcessInitializeOnLoadMethodAttributes (24ms)
				AfterProcessingInitializeOnLoad (2ms)
				EditorAssembliesLoaded (0ms)
			ExecutionOrderSort2 (0ms)
			AwakeInstancesAfterBackupRestoration (6ms)
Platform modules already initialized, skipping
========================================================================
Worker process is ready to serve import requests
Launched and connected shader compiler UnityShaderCompiler.exe after 0.19 seconds
Refreshing native plugins compatible for Editor in 0.47 ms, found 2 plugins.
Preloading 0 native plugins for Editor in 0.00 ms.
Unloading 2254 Unused Serialized files (Serialized files now loaded: 0)
System memory in use before: 101.6 MB.
System memory in use after: 101.7 MB.

Unloading 22 unused Assets to reduce memory usage. Loaded Objects now: 2696.
Total: 3.541100 ms (FindLiveObjects: 0.251900 ms CreateObjectMapping: 0.106400 ms MarkObjects: 3.039500 ms  DeleteObjects: 0.142000 ms)

AssetImportParameters requested are different than current active one (requested -> active):
  custom:framework-win-MediaFoundation: 216162199b28c13a410421893ffa2e32 -> 
  custom:video-decoder-ogg-theora: a1e56fd34408186e4bbccfd4996cb3dc -> 
  custom:container-muxer-webm: aa71ff27fc2769a1b78a27578f13a17b -> 
  custom:container-demuxer-webm: 4f35f7cbe854078d1ac9338744f61a02 -> 
  custom:container-demuxer-ogg: 62fdf1f143b41e24485cea50d1cbac27 -> 
  custom:video-encoder-webm-vp8: eb34c28f22e8b96e1ab97ce403110664 -> 
  custom:video-decoder-webm-vp8: 9c59270c3fd7afecdb556c50c9e8de78 -> 
  custom:audio-decoder-ogg-vorbis: bf7c407c2cedff20999df2af8eb42d56 -> 
  custom:audio-encoder-webm-vorbis: bf7c407c2cedff20999df2af8eb42d56 -> 
========================================================================
Received Import Request.
  path: Assets/Materials/Canteen_Floor.mat
  artifactKey: Guid(b0b74d38e96e43143b260b1c8b3faa43) Importer(815301076,1909f56bfc062723c751e8b465ee728b)
Start importing Assets/Materials/Canteen_Floor.mat using Guid(b0b74d38e96e43143b260b1c8b3faa43) Importer(815301076,1909f56bfc062723c751e8b465ee728b)  -> (artifact id: 'c0cd0f766c1738613989ea392caf1ffa') in 0.581350 seconds 
  Import took 0.585472 seconds .

========================================================================
Received Import Request.
  Time since last request: 17.967151 seconds.
  path: Assets/Materials/Canteen_Wall.mat
  artifactKey: Guid(944cdae4273555c43bed4dda38cbd1d3) Importer(815301076,1909f56bfc062723c751e8b465ee728b)
Start importing Assets/Materials/Canteen_Wall.mat using Guid(944cdae4273555c43bed4dda38cbd1d3) Importer(815301076,1909f56bfc062723c751e8b465ee728b)  -> (artifact id: '1752e63ad132b37ba66726687613b143') in 0.020754 seconds 
  Import took 0.028163 seconds .

========================================================================
Received Import Request.
  Time since last request: 925.600053 seconds.
  path: Assets/Materials/Canteen_Wall.mat
  artifactKey: Guid(944cdae4273555c43bed4dda38cbd1d3) Importer(815301076,1909f56bfc062723c751e8b465ee728b)
Start importing Assets/Materials/Canteen_Wall.mat using Guid(944cdae4273555c43bed4dda38cbd1d3) Importer(815301076,1909f56bfc062723c751e8b465ee728b)  -> (artifact id: 'b34e771ce0ba0cd0c0df2b260f9da8c6') in 0.022829 seconds 
  Import took 0.027715 seconds .

========================================================================
Received Import Request.
  Time since last request: 225.789409 seconds.
  path: Assets/Materials/Canteen_Wall 1.mat
  artifactKey: Guid(16f0018f556bdd448b254615740a061f) Importer(815301076,1909f56bfc062723c751e8b465ee728b)
Start importing Assets/Materials/Canteen_Wall 1.mat using Guid(16f0018f556bdd448b254615740a061f) Importer(815301076,1909f56bfc062723c751e8b465ee728b)  -> (artifact id: '5354c880c040ecc41ab9c126fdcb0f31') in 0.018360 seconds 
  Import took 0.043860 seconds .

AssetImportWorkerClient::OnTransportError - code=2 error=End of file
