Using pre-set license
Built from '2020.3/staging' branch; Version is '2020.3.14f1 (d0d1bb862f9d) revision 13685179'; Using compiler version '192528614'; Build Type 'Release'
OS: 'Windows 10 Home Single Language; OS build 19044.2364; Version 2009; 64bit' Language: 'en' Physical Memory: 8037 MB
BatchMode: 1, IsHumanControllingUs: 0, StartBugReporterOnCrash: 0, Is64bit: 1, IsPro: 0

 COMMAND LINE ARGUMENTS:
C:\Program Files\Unity\Editor\Unity.exe
-adb2
-batchMode
-noUpm
-name
AssetImportWorker0
-projectPath
D:/WorkSpace/School Project/UniMap/UniMap
-logFile
Logs/AssetImportWorker0.log
-srvPort
55466
Successfully changed project path to: D:/WorkSpace/School Project/UniMap/UniMap
D:/WorkSpace/School Project/UniMap/UniMap
Using Asset Import Pipeline V2.
Refreshing native plugins compatible for Editor in 51.08 ms, found 2 plugins.
Preloading 0 native plugins for Editor in 0.00 ms.
Initialize engine version: 2020.3.14f1 (d0d1bb862f9d)
[Subsystems] Discovering subsystems at path C:/Program Files/Unity/Editor/Data/Resources/UnitySubsystems
[Subsystems] Discovering subsystems at path D:/WorkSpace/School Project/UniMap/UniMap/Assets
GfxDevice: creating device client; threaded=0
Direct3D:
    Version:  Direct3D 11.0 [level 11.1]
    Renderer: NVIDIA GeForce GTX 1650 with Max-Q Design (ID=0x1f91)
    Vendor:   
    VRAM:     3949 MB
    Driver:   31.0.15.2756
Initialize mono
Mono path[0] = 'C:/Program Files/Unity/Editor/Data/Managed'
Mono path[1] = 'C:/Program Files/Unity/Editor/Data/MonoBleedingEdge/lib/mono/unityjit'
Mono config path = 'C:/Program Files/Unity/Editor/Data/MonoBleedingEdge/etc'
Using monoOptions --debugger-agent=transport=dt_socket,embedding=1,server=y,suspend=n,address=127.0.0.1:56548
Begin MonoManager ReloadAssembly
Registering precompiled unity dll's ...
Register platform support module: C:/Program Files/Unity/Editor/Data/PlaybackEngines/WindowsStandaloneSupport/UnityEditor.WindowsStandalone.Extensions.dll
Registered in 0.002284 seconds.
Native extension for WindowsStandalone target not found
Refreshing native plugins compatible for Editor in 42.29 ms, found 2 plugins.
Preloading 0 native plugins for Editor in 0.00 ms.
Mono: successfully reloaded assembly
- Completed reload, in  1.824 seconds
Domain Reload Profiling:
	ReloadAssembly (1825ms)
		BeginReloadAssembly (58ms)
			ExecutionOrderSort (0ms)
			DisableScriptedObjects (0ms)
			BackupInstance (0ms)
			ReleaseScriptingObjects (0ms)
			CreateAndSetChildDomain (1ms)
		EndReloadAssembly (433ms)
			LoadAssemblies (55ms)
			RebuildTransferFunctionScriptingTraits (0ms)
			SetupTypeCache (154ms)
			ReleaseScriptCaches (0ms)
			RebuildScriptCaches (33ms)
			SetupLoadedEditorAssemblies (171ms)
				LogAssemblyErrors (0ms)
				InitializePlatformSupportModulesInManaged (4ms)
				SetLoadedEditorAssemblies (0ms)
				RefreshPlugins (42ms)
				BeforeProcessingInitializeOnLoad (15ms)
				ProcessInitializeOnLoadAttributes (80ms)
				ProcessInitializeOnLoadMethodAttributes (29ms)
				AfterProcessingInitializeOnLoad (0ms)
				EditorAssembliesLoaded (0ms)
			ExecutionOrderSort2 (0ms)
			AwakeInstancesAfterBackupRestoration (0ms)
Platform modules already initialized, skipping
Registering precompiled user dll's ...
Registered in 0.005166 seconds.
Begin MonoManager ReloadAssembly
Native extension for WindowsStandalone target not found
Refreshing native plugins compatible for Editor in 41.39 ms, found 2 plugins.
Preloading 0 native plugins for Editor in 0.00 ms.
Mono: successfully reloaded assembly
- Completed reload, in  1.305 seconds
Domain Reload Profiling:
	ReloadAssembly (1306ms)
		BeginReloadAssembly (186ms)
			ExecutionOrderSort (0ms)
			DisableScriptedObjects (6ms)
			BackupInstance (0ms)
			ReleaseScriptingObjects (0ms)
			CreateAndSetChildDomain (24ms)
		EndReloadAssembly (1046ms)
			LoadAssemblies (103ms)
			RebuildTransferFunctionScriptingTraits (0ms)
			SetupTypeCache (316ms)
			ReleaseScriptCaches (1ms)
			RebuildScriptCaches (63ms)
			SetupLoadedEditorAssemblies (432ms)
				LogAssemblyErrors (0ms)
				InitializePlatformSupportModulesInManaged (4ms)
				SetLoadedEditorAssemblies (0ms)
				RefreshPlugins (41ms)
				BeforeProcessingInitializeOnLoad (93ms)
				ProcessInitializeOnLoadAttributes (265ms)
				ProcessInitializeOnLoadMethodAttributes (18ms)
				AfterProcessingInitializeOnLoad (10ms)
				EditorAssembliesLoaded (0ms)
			ExecutionOrderSort2 (0ms)
			AwakeInstancesAfterBackupRestoration (7ms)
Platform modules already initialized, skipping
========================================================================
Worker process is ready to serve import requests
Launched and connected shader compiler UnityShaderCompiler.exe after 0.06 seconds
Refreshing native plugins compatible for Editor in 0.47 ms, found 2 plugins.
Preloading 0 native plugins for Editor in 0.00 ms.
Unloading 2261 Unused Serialized files (Serialized files now loaded: 0)
System memory in use before: 102.2 MB.
System memory in use after: 102.3 MB.

Unloading 23 unused Assets to reduce memory usage. Loaded Objects now: 2699.
Total: 2.845500 ms (FindLiveObjects: 0.224900 ms CreateObjectMapping: 0.097900 ms MarkObjects: 2.397900 ms  DeleteObjects: 0.123800 ms)

AssetImportParameters requested are different than current active one (requested -> active):
  custom:framework-win-MediaFoundation: 216162199b28c13a410421893ffa2e32 -> 
  custom:video-decoder-ogg-theora: a1e56fd34408186e4bbccfd4996cb3dc -> 
  custom:container-muxer-webm: aa71ff27fc2769a1b78a27578f13a17b -> 
  custom:container-demuxer-webm: 4f35f7cbe854078d1ac9338744f61a02 -> 
  custom:container-demuxer-ogg: 62fdf1f143b41e24485cea50d1cbac27 -> 
  custom:video-encoder-webm-vp8: eb34c28f22e8b96e1ab97ce403110664 -> 
  custom:video-decoder-webm-vp8: 9c59270c3fd7afecdb556c50c9e8de78 -> 
  custom:audio-decoder-ogg-vorbis: bf7c407c2cedff20999df2af8eb42d56 -> 
  custom:audio-encoder-webm-vorbis: bf7c407c2cedff20999df2af8eb42d56 -> 
========================================================================
Received Import Request.
  path: Assets/3DModels/YBot
  artifactKey: Guid(13787c876f4d4934883e9c6d0861fcb2) Importer(815301076,1909f56bfc062723c751e8b465ee728b)
Start importing Assets/3DModels/YBot using Guid(13787c876f4d4934883e9c6d0861fcb2) Importer(815301076,1909f56bfc062723c751e8b465ee728b)  -> (artifact id: 'f2b27d1e3fc5a10948264d06391b50ca') in 0.008877 seconds 
  Import took 0.013310 seconds .

========================================================================
Received Import Request.
  Time since last request: 0.119696 seconds.
  path: Assets/3DModels/YBot/Y Bot.fbx
  artifactKey: Guid(5c531fcd1669cec41bbea9106d12f5d4) Importer(815301076,1909f56bfc062723c751e8b465ee728b)
Start importing Assets/3DModels/YBot/Y Bot.fbx using Guid(5c531fcd1669cec41bbea9106d12f5d4) Importer(815301076,1909f56bfc062723c751e8b465ee728b)  -> (artifact id: '03a5ce3291cd054a5f1c7571ae9bb995') in 0.235653 seconds 
  Import took 0.240047 seconds .

========================================================================
Received Import Request.
  Time since last request: 6.760394 seconds.
  path: Assets/3DModels/YBot/Y Bot.fbx
  artifactKey: Guid(5c531fcd1669cec41bbea9106d12f5d4) Importer(815301076,1909f56bfc062723c751e8b465ee728b)
Start importing Assets/3DModels/YBot/Y Bot.fbx using Guid(5c531fcd1669cec41bbea9106d12f5d4) Importer(815301076,1909f56bfc062723c751e8b465ee728b)  -> (artifact id: '1ca72183926d2a6594b53a5e36379ed5') in 0.068792 seconds 
  Import took 0.073973 seconds .

========================================================================
Received Import Request.
  Time since last request: 25.194040 seconds.
  path: Assets/3DModels/YBot/Y Bot.fbx
  artifactKey: Guid(5c531fcd1669cec41bbea9106d12f5d4) Importer(815301076,1909f56bfc062723c751e8b465ee728b)
Start importing Assets/3DModels/YBot/Y Bot.fbx using Guid(5c531fcd1669cec41bbea9106d12f5d4) Importer(815301076,1909f56bfc062723c751e8b465ee728b)  -> (artifact id: 'b3d7df8e398b5de65fbf7c008aa227d1') in 0.049007 seconds 
  Import took 0.055315 seconds .

========================================================================
Received Import Request.
  Time since last request: 13.841147 seconds.
  path: Assets/3DModels/YBot/Y Bot.fbx
  artifactKey: Guid(5c531fcd1669cec41bbea9106d12f5d4) Importer(815301076,1909f56bfc062723c751e8b465ee728b)
Start importing Assets/3DModels/YBot/Y Bot.fbx using Guid(5c531fcd1669cec41bbea9106d12f5d4) Importer(815301076,1909f56bfc062723c751e8b465ee728b)  -> (artifact id: '5efc6b88ee0a28d3f9ba93c66cbb4b00') in 0.040431 seconds 
  Import took 0.046959 seconds .

========================================================================
Received Import Request.
  Time since last request: 42.119194 seconds.
  path: Assets/Animations/Player/Clips30FPS/FiringRifle.anim
  artifactKey: Guid(7f147c83ccbe078448e5d0ad222eacba) Importer(815301076,1909f56bfc062723c751e8b465ee728b)
Start importing Assets/Animations/Player/Clips30FPS/FiringRifle.anim using Guid(7f147c83ccbe078448e5d0ad222eacba) Importer(815301076,1909f56bfc062723c751e8b465ee728b)  -> (artifact id: '0e4c8f933192e8a55b9bd8d3dbd26b1e') in 0.019253 seconds 
  Import took 0.025455 seconds .

========================================================================
Received Import Request.
  Time since last request: 0.001803 seconds.
  path: Assets/Animations/Player/Clips30FPS/FiringRifle.anim
  artifactKey: Guid(7f147c83ccbe078448e5d0ad222eacba) Importer(815301076,1909f56bfc062723c751e8b465ee728b)
Start importing Assets/Animations/Player/Clips30FPS/FiringRifle.anim using Guid(7f147c83ccbe078448e5d0ad222eacba) Importer(815301076,1909f56bfc062723c751e8b465ee728b)  -> (artifact id: '0e4c8f933192e8a55b9bd8d3dbd26b1e') in 0.006937 seconds 
  Import took 0.011554 seconds .

========================================================================
Received Import Request.
  Time since last request: 0.923178 seconds.
  path: Assets/Animations/Player/Clips30FPS/RifleAimingIdle.anim
  artifactKey: Guid(b637c3ae7be8bac45a8bbfb9a65ac6e6) Importer(815301076,1909f56bfc062723c751e8b465ee728b)
Start importing Assets/Animations/Player/Clips30FPS/RifleAimingIdle.anim using Guid(b637c3ae7be8bac45a8bbfb9a65ac6e6) Importer(815301076,1909f56bfc062723c751e8b465ee728b)  -> (artifact id: '3b637e8f0e3c90ff37b86e508c09afc6') in 0.007625 seconds 
  Import took 0.014511 seconds .

========================================================================
Received Prepare
Registering precompiled user dll's ...
Registered in 0.003900 seconds.
Begin MonoManager ReloadAssembly
Native extension for WindowsStandalone target not found
Refreshing native plugins compatible for Editor in 0.47 ms, found 2 plugins.
Preloading 0 native plugins for Editor in 0.00 ms.
Mono: successfully reloaded assembly
- Completed reload, in  1.136 seconds
Domain Reload Profiling:
	ReloadAssembly (1137ms)
		BeginReloadAssembly (138ms)
			ExecutionOrderSort (0ms)
			DisableScriptedObjects (4ms)
			BackupInstance (0ms)
			ReleaseScriptingObjects (0ms)
			CreateAndSetChildDomain (37ms)
		EndReloadAssembly (935ms)
			LoadAssemblies (92ms)
			RebuildTransferFunctionScriptingTraits (0ms)
			SetupTypeCache (312ms)
			ReleaseScriptCaches (1ms)
			RebuildScriptCaches (44ms)
			SetupLoadedEditorAssemblies (378ms)
				LogAssemblyErrors (0ms)
				InitializePlatformSupportModulesInManaged (4ms)
				SetLoadedEditorAssemblies (0ms)
				RefreshPlugins (1ms)
				BeforeProcessingInitializeOnLoad (85ms)
				ProcessInitializeOnLoadAttributes (257ms)
				ProcessInitializeOnLoadMethodAttributes (21ms)
				AfterProcessingInitializeOnLoad (8ms)
				EditorAssembliesLoaded (0ms)
			ExecutionOrderSort2 (0ms)
			AwakeInstancesAfterBackupRestoration (7ms)
Platform modules already initialized, skipping
Refreshing native plugins compatible for Editor in 0.49 ms, found 2 plugins.
Preloading 0 native plugins for Editor in 0.00 ms.
Unloading 2214 Unused Serialized files (Serialized files now loaded: 0)
System memory in use before: 115.5 MB.
System memory in use after: 115.7 MB.

Unloading 16 unused Assets to reduce memory usage. Loaded Objects now: 2746.
Total: 3.123100 ms (FindLiveObjects: 0.244700 ms CreateObjectMapping: 0.103600 ms MarkObjects: 2.683800 ms  DeleteObjects: 0.090000 ms)

AssetImportParameters requested are different than current active one (requested -> active):
  custom:framework-win-MediaFoundation: 216162199b28c13a410421893ffa2e32 -> 
  custom:video-decoder-ogg-theora: a1e56fd34408186e4bbccfd4996cb3dc -> 
  custom:container-muxer-webm: aa71ff27fc2769a1b78a27578f13a17b -> 
  custom:container-demuxer-webm: 4f35f7cbe854078d1ac9338744f61a02 -> 
  custom:container-demuxer-ogg: 62fdf1f143b41e24485cea50d1cbac27 -> 
  custom:video-encoder-webm-vp8: eb34c28f22e8b96e1ab97ce403110664 -> 
  custom:video-decoder-webm-vp8: 9c59270c3fd7afecdb556c50c9e8de78 -> 
  custom:audio-decoder-ogg-vorbis: bf7c407c2cedff20999df2af8eb42d56 -> 
  custom:audio-encoder-webm-vorbis: bf7c407c2cedff20999df2af8eb42d56 -> 
AssetImportWorkerClient::OnTransportError - code=2 error=End of file
